
> quanlykhachhangoto@0.1.0 build
> next build

   ▲ Next.js 15.1.4
   - Environments: .env.local

   Creating an optimized production build ...
 ✓ (pwa) Compiling for server...
 ✓ (pwa) Compiling for server...
 ✓ (pwa) Compiling for client (static)...
 ○ (pwa) Service worker: /Users/lanhtranxuan/Documents/Code /quanlykhachhangoto/public/sw.js
 ○ (pwa)   URL: /sw.js
 ○ (pwa)   Scope: /
 ✓ Compiled successfully
   Linting and checking validity of types ...
Failed to compile.

./src/lib/utils.ts:1:39
Type error: Cannot find module 'clsx' or its corresponding type declarations.

[0m[31m[1m>[22m[39m[90m 1 |[39m [36mimport[39m { clsx[33m,[39m type [33mClassValue[39m } [36mfrom[39m [32m"clsx"[39m[0m
[0m [90m   |[39m                                       [31m[1m^[22m[39m[0m
[0m [90m 2 |[39m [36mimport[39m { twMerge } [36mfrom[39m [32m"tailwind-merge"[39m[0m
[0m [90m 3 |[39m[0m
[0m [90m 4 |[39m [36mexport[39m [36mfunction[39m cn([33m...[39minputs[33m:[39m [33mClassValue[39m[]) {[0m
Static worker exited with code: 1 and signal: null
